<?xml version="1.0" encoding="UTF-8"?>
<!-- Generated by org.testng.reporters.JUnitReportReporter -->
<testsuite hostname="DESKTOP-RTCUCDH" failures="0" tests="1" name="com.demoblaze.TestLayer.BuyPhones" time="12.747" errors="0" timestamp="2023-01-29T15:26:17 IST" skipped="0">
  <testcase classname="com.demoblaze.TestLayer.BuyPhones" name="buyPhonesWithoutLogin" time="12.747"/>
  <system-out/>
</testsuite> <!-- com.demoblaze.TestLayer.BuyPhones -->
