<?xml version="1.0" encoding="UTF-8"?>
<!-- Generated by org.testng.reporters.JUnitReportReporter -->
<testsuite hostname="DESKTOP-RTCUCDH" failures="0" tests="1" name="com.demoblaze.TestLayer.LoginFunctionality" time="11.938" errors="0" timestamp="2023-01-29T15:46:59 IST" skipped="0">
  <testcase classname="com.demoblaze.TestLayer.LoginFunctionality" name="verifyUserLoginOnHomePage" time="11.938"/>
  <system-out/>
</testsuite> <!-- com.demoblaze.TestLayer.LoginFunctionality -->
